Build started 12/8/2014 9:15:27 PM.
     1>Project "C:\Users\Dane\Documents\GitHub\Alien-Game\Final Project\Final Project\Final Project.vcxproj" on node 2 (Build target(s)).
     1>ClCompile:
         C:\Program Files (x86)\Microsoft Visual Studio 12.0\VC\bin\CL.exe /c /ZI /nologo /W3 /WX- /Od /Oy- /D WIN32 /D _DEBUG /D _CONSOLE /D _LIB /D _UNICODE /D UNICODE /Gm /EHsc /RTC1 /MDd /GS /fp:precise /Zc:wchar_t /Zc:forScope /Fo"Debug\\" /Fd"Debug\vc120.pdb" /Gd /TP /analyze- /errorReport:prompt Source.cpp
         Source.cpp
     1>c:\users\dane\documents\github\alien-game\final project\final project\source.cpp(38): error C3867: 'AlienDeath::alienStayPutDeath': function call missing argument list; use '&AlienDeath::alienStayPutDeath' to create a pointer to member
     1>c:\users\dane\documents\github\alien-game\final project\final project\source.cpp(46): error C3867: 'AlienDeath::alienDeadEndDeath': function call missing argument list; use '&AlienDeath::alienDeadEndDeath' to create a pointer to member
     1>c:\users\dane\documents\github\alien-game\final project\final project\source.cpp(54): error C3867: 'Dialogue::findBlaster': function call missing argument list; use '&Dialogue::findBlaster' to create a pointer to member
     1>c:\users\dane\documents\github\alien-game\final project\final project\source.cpp(56): error C3867: 'Menus::YN': function call missing argument list; use '&Menus::YN' to create a pointer to member
     1>c:\users\dane\documents\github\alien-game\final project\final project\source.cpp(60): error C3867: 'Dialogue::yesBlaster': function call missing argument list; use '&Dialogue::yesBlaster' to create a pointer to member
     1>c:\users\dane\documents\github\alien-game\final project\final project\source.cpp(66): error C3867: 'AlienDeath::alienFightDeath': function call missing argument list; use '&AlienDeath::alienFightDeath' to create a pointer to member
     1>c:\users\dane\documents\github\alien-game\final project\final project\source.cpp(70): error C3867: 'AlienDeath::alienRunNotFightDeath': function call missing argument list; use '&AlienDeath::alienRunNotFightDeath' to create a pointer to member
     1>c:\users\dane\documents\github\alien-game\final project\final project\source.cpp(77): error C3867: 'Dialogue::noBlaster': function call missing argument list; use '&Dialogue::noBlaster' to create a pointer to member
     1>c:\users\dane\documents\github\alien-game\final project\final project\source.cpp(79): error C3867: 'Menus::liftRight': function call missing argument list; use '&Menus::liftRight' to create a pointer to member
     1>c:\users\dane\documents\github\alien-game\final project\final project\source.cpp(83): error C3867: 'Dialogue::goRightPairedWithPowerLift': function call missing argument list; use '&Dialogue::goRightPairedWithPowerLift' to create a pointer to member
     1>c:\users\dane\documents\github\alien-game\final project\final project\source.cpp(85): error C3867: 'Death::outerSpaceDeath': function call missing argument list; use '&Death::outerSpaceDeath' to create a pointer to member
     1>c:\users\dane\documents\github\alien-game\final project\final project\source.cpp(89): error C3867: 'Dialogue::powerLift': function call missing argument list; use '&Dialogue::powerLift' to create a pointer to member
     1>c:\users\dane\documents\github\alien-game\final project\final project\source.cpp(91): error C3867: 'Dialogue::explanation': function call missing argument list; use '&Dialogue::explanation' to create a pointer to member
     1>c:\users\dane\documents\github\alien-game\final project\final project\source.cpp(93): error C3867: 'Dialogue::newObjective': function call missing argument list; use '&Dialogue::newObjective' to create a pointer to member
     1>c:\users\dane\documents\github\alien-game\final project\final project\source.cpp(95): error C3867: 'Menus::doorLift': function call missing argument list; use '&Menus::doorLift' to create a pointer to member
     1>c:\users\dane\documents\github\alien-game\final project\final project\source.cpp(100): error C3867: 'Death::liftBreaksDeath': function call missing argument list; use '&Death::liftBreaksDeath' to create a pointer to member
     1>c:\users\dane\documents\github\alien-game\final project\final project\source.cpp(104): error C3867: 'Dialogue::doorOnFarSide': function call missing argument list; use '&Dialogue::doorOnFarSide' to create a pointer to member
     1>c:\users\dane\documents\github\alien-game\final project\final project\source.cpp(106): error C3867: 'Menus::fightRun': function call missing argument list; use '&Menus::fightRun' to create a pointer to member
     1>c:\users\dane\documents\github\alien-game\final project\final project\source.cpp(111): error C3867: 'AlienDeath::alienFightDeath': function call missing argument list; use '&AlienDeath::alienFightDeath' to create a pointer to member
     1>c:\users\dane\documents\github\alien-game\final project\final project\source.cpp(116): error C3867: 'Dialogue::forkInPath': function call missing argument list; use '&Dialogue::forkInPath' to create a pointer to member
     1>c:\users\dane\documents\github\alien-game\final project\final project\source.cpp(118): error C3867: 'Menus::leftRight': function call missing argument list; use '&Menus::leftRight' to create a pointer to member
     1>c:\users\dane\documents\github\alien-game\final project\final project\source.cpp(121): error C3867: 'AlienDeath::alienDeadEndDeath': function call missing argument list; use '&AlienDeath::alienDeadEndDeath' to create a pointer to member
     1>c:\users\dane\documents\github\alien-game\final project\final project\source.cpp(125): error C3867: 'Dialogue::soldier': function call missing argument list; use '&Dialogue::soldier' to create a pointer to member
     1>c:\users\dane\documents\github\alien-game\final project\final project\source.cpp(127): error C3867: 'Menus::YN': function call missing argument list; use '&Menus::YN' to create a pointer to member
     1>c:\users\dane\documents\github\alien-game\final project\final project\source.cpp(130): error C3867: 'AlienDeath::alienTripDeath': function call missing argument list; use '&AlienDeath::alienTripDeath' to create a pointer to member
     1>c:\users\dane\documents\github\alien-game\final project\final project\source.cpp(135): error C3867: 'Dialogue::soldierTwo': function call missing argument list; use '&Dialogue::soldierTwo' to create a pointer to member
     1>c:\users\dane\documents\github\alien-game\final project\final project\source.cpp(137): error C3867: 'Dialogue::forkInPathTwo': function call missing argument list; use '&Dialogue::forkInPathTwo' to create a pointer to member
     1>c:\users\dane\documents\github\alien-game\final project\final project\source.cpp(139): error C3867: 'Menus::leftRight': function call missing argument list; use '&Menus::leftRight' to create a pointer to member
     1>c:\users\dane\documents\github\alien-game\final project\final project\source.cpp(143): error C3867: 'AlienDeath::alienForkLeftDeath': function call missing argument list; use '&AlienDeath::alienForkLeftDeath' to create a pointer to member
     1>c:\users\dane\documents\github\alien-game\final project\final project\source.cpp(148): error C3867: 'Dialogue::rightFork': function call missing argument list; use '&Dialogue::rightFork' to create a pointer to member
     1>c:\users\dane\documents\github\alien-game\final project\final project\source.cpp(150): error C3867: 'Menus::pods': function call missing argument list; use '&Menus::pods' to create a pointer to member
     1>c:\users\dane\documents\github\alien-game\final project\final project\source.cpp(156): error C3867: 'Death::podExplodesDeath': function call missing argument list; use '&Death::podExplodesDeath' to create a pointer to member
     1>c:\users\dane\documents\github\alien-game\final project\final project\source.cpp(160): error C3867: 'AlienDeath::alienPodDeath': function call missing argument list; use '&AlienDeath::alienPodDeath' to create a pointer to member
     1>c:\users\dane\documents\github\alien-game\final project\final project\source.cpp(184): error C2360: initialization of 'e' is skipped by 'case' label
                 c:\users\dane\documents\github\alien-game\final project\final project\source.cpp(53) : see declaration of 'e'
     1>c:\users\dane\documents\github\alien-game\final project\final project\source.cpp(187): error C3867: 'AlienDeath::alienCeilingDeath': function call missing argument list; use '&AlienDeath::alienCeilingDeath' to create a pointer to member
     1>c:\users\dane\documents\github\alien-game\final project\final project\source.cpp(193): error C2361: initialization of 'e' is skipped by 'default' label
                 c:\users\dane\documents\github\alien-game\final project\final project\source.cpp(53) : see declaration of 'e'
     1>Done Building Project "C:\Users\Dane\Documents\GitHub\Alien-Game\Final Project\Final Project\Final Project.vcxproj" (Build target(s)) -- FAILED.

Build FAILED.

Time Elapsed 00:00:01.60
